<?xml version="1.0" encoding="UTF-8"?>
<!-- Generated by org.testng.reporters.JUnitReportReporter -->
<testsuite hostname="DESKTOP-3IS2RA6" failures="0" tests="1" name="Test" time="24.644" errors="0" timestamp="2022-06-25T12:35:52 IST" skipped="0">
  <testcase classname="Test" name="IDSRun" time="24.644"/>
  <system-out/>
</testsuite> <!-- Test -->
