<?xml version="1.0" encoding="UTF-8"?>
<!-- Generated by org.testng.reporters.JUnitReportReporter -->
<testsuite hostname="DESKTOP-3IS2RA6" failures="0" tests="1" name="Firewall" time="52.718" errors="0" timestamp="2022-06-25T14:57:33 IST" skipped="0">
  <testcase classname="Firewall" name="IDSRun" time="52.718"/>
  <system-out/>
</testsuite> <!-- Firewall -->
