<?xml version="1.0" encoding="UTF-8"?>
<!-- Generated by org.testng.reporters.JUnitReportReporter -->
<testsuite hostname="DESKTOP-3IS2RA6" failures="0" tests="1" name="Mts" time="108.352" errors="0" timestamp="2022-06-11T15:21:23 IST" skipped="0">
  <testcase classname="Mts" name="liveupdate" time="108.352"/>
  <system-out/>
</testsuite> <!-- Mts -->
