<?xml version="1.0" encoding="UTF-8"?>
<!-- Generated by org.testng.reporters.JUnitReportReporter -->
<testsuite hostname="DESKTOP-3IS2RA6" failures="0" tests="1" name="NewTest" time="0.088" errors="0" timestamp="2022-07-01T14:35:58 IST" skipped="0">
  <testcase classname="NewTest" name="new1" time="0.088"/>
  <system-out/>
</testsuite> <!-- NewTest -->
