<?xml version="1.0" encoding="UTF-8"?>
<!-- Generated by org.testng.reporters.JUnitReportReporter -->
<testsuite hostname="DESKTOP-3IS2RA6" failures="0" tests="1" name="NewTest" time="51.318" errors="0" timestamp="2022-06-13T15:50:48 IST" skipped="0">
  <testcase classname="NewTest" name="new1" time="51.318"/>
  <system-out/>
</testsuite> <!-- NewTest -->
