<?xml version="1.0" encoding="UTF-8"?>
<!-- Generated by org.testng.reporters.JUnitReportReporter -->
<testsuite hostname="DESKTOP-3IS2RA6" failures="0" tests="1" name="MaxShield" time="20.332" errors="0" timestamp="2022-06-27T15:31:36 IST" skipped="0">
  <testcase classname="MaxShield" name="HomepageProtection" time="20.332"/>
  <system-out/>
</testsuite> <!-- MaxShield -->
