<?xml version="1.0" encoding="UTF-8"?>
<!-- Generated by org.testng.reporters.JUnitReportReporter -->
<testsuite hostname="DESKTOP-3IS2RA6" failures="0" tests="1" name="Mts" time="100.313" errors="0" timestamp="2022-06-25T15:13:34 IST" skipped="0">
  <testcase classname="Mts" name="liveupdate" time="100.313"/>
  <system-out/>
</testsuite> <!-- Mts -->
